<?xml version="1.0" encoding="UTF-8"?>
<testng-results ignored="0" total="1" passed="1" failed="0" skipped="0">
  <reporter-output>
  </reporter-output>
  <suite started-at="2023-02-06T18:55:29 IST" name="Suite" finished-at="2023-02-06T18:55:45 IST" duration-ms="15979">
    <groups>
    </groups>
    <test started-at="2023-02-06T18:55:29 IST" name="Test" finished-at="2023-02-06T18:55:45 IST" duration-ms="15979">
      <class name="testCases.TC_001_LoginTest">
        <test-method is-config="true" signature="setup(java.lang.String)[pri:0, instance:testCases.TC_001_LoginTest@644baf4a]" started-at="2023-02-06T18:55:29 IST" name="setup" finished-at="2023-02-06T18:55:37 IST" duration-ms="7522" status="PASS">
          <params>
            <param index="0">
              <value>
                <![CDATA[chrome]]>
              </value>
            </param>
          </params>
          <reporter-output>
          </reporter-output>
        </test-method> <!-- setup -->
        <test-method signature="test_Login()[pri:0, instance:testCases.TC_001_LoginTest@644baf4a]" started-at="2023-02-06T18:55:37 IST" name="test_Login" finished-at="2023-02-06T18:55:45 IST" duration-ms="7975" status="PASS">
          <reporter-output>
          </reporter-output>
        </test-method> <!-- test_Login -->
        <test-method is-config="true" signature="tearDown()[pri:0, instance:testCases.TC_001_LoginTest@644baf4a]" started-at="2023-02-06T18:55:45 IST" name="tearDown" finished-at="2023-02-06T18:55:45 IST" duration-ms="1" status="PASS">
          <reporter-output>
          </reporter-output>
        </test-method> <!-- tearDown -->
      </class> <!-- testCases.TC_001_LoginTest -->
    </test> <!-- Test -->
  </suite> <!-- Suite -->
</testng-results>
